mode: set
mymodule/auth.go:39.59,43.2 3 0
mymodule/auth.go:46.58,51.2 4 0
mymodule/auth.go:67.68,72.16 3 0
mymodule/auth.go:72.16,75.110 3 0
mymodule/auth.go:75.110,77.4 1 0
mymodule/auth.go:78.3,78.9 1 0
mymodule/auth.go:81.2,86.69 4 0
mymodule/auth.go:86.69,89.116 3 0
mymodule/auth.go:89.116,91.4 1 0
mymodule/auth.go:92.3,92.9 1 0
mymodule/auth.go:96.2,99.40 4 0
mymodule/auth.go:99.40,102.105 3 0
mymodule/auth.go:102.105,104.4 1 0
mymodule/auth.go:105.3,105.9 1 0
mymodule/auth.go:108.2,108.25 1 0
mymodule/auth.go:108.25,110.111 2 0
mymodule/auth.go:110.111,112.4 1 0
mymodule/auth.go:113.3,113.9 1 0
mymodule/auth.go:117.2,118.16 2 0
mymodule/auth.go:118.16,121.113 3 0
mymodule/auth.go:121.113,123.4 1 0
mymodule/auth.go:124.3,124.9 1 0
mymodule/auth.go:128.2,130.16 3 0
mymodule/auth.go:130.16,133.134 3 0
mymodule/auth.go:133.134,135.4 1 0
mymodule/auth.go:136.3,136.9 1 0
mymodule/auth.go:139.2,140.124 2 0
mymodule/auth.go:140.124,142.3 1 0
mymodule/auth.go:145.67,150.16 3 0
mymodule/auth.go:150.16,153.110 3 0
mymodule/auth.go:153.110,155.4 1 0
mymodule/auth.go:156.3,156.9 1 0
mymodule/auth.go:159.2,164.69 4 0
mymodule/auth.go:164.69,167.116 3 0
mymodule/auth.go:167.116,169.4 1 0
mymodule/auth.go:170.3,170.9 1 0
mymodule/auth.go:174.2,178.26 5 0
mymodule/auth.go:178.26,180.110 2 0
mymodule/auth.go:180.110,182.4 1 0
mymodule/auth.go:183.3,183.9 1 0
mymodule/auth.go:186.2,186.16 1 0
mymodule/auth.go:186.16,189.105 3 0
mymodule/auth.go:189.105,191.4 1 0
mymodule/auth.go:192.3,192.9 1 0
mymodule/auth.go:196.2,197.48 2 0
mymodule/auth.go:197.48,199.116 2 0
mymodule/auth.go:199.116,201.4 1 0
mymodule/auth.go:202.3,202.9 1 0
mymodule/auth.go:206.2,207.16 2 0
mymodule/auth.go:207.16,210.121 3 0
mymodule/auth.go:210.121,212.4 1 0
mymodule/auth.go:213.3,213.9 1 0
mymodule/auth.go:216.2,230.23 4 0
mymodule/auth.go:230.23,232.3 1 0
mymodule/auth.go:236.68,237.74 1 0
mymodule/auth.go:237.74,240.23 2 0
mymodule/auth.go:240.23,241.40 1 0
mymodule/auth.go:241.40,244.124 2 0
mymodule/auth.go:244.124,246.18 1 0
mymodule/auth.go:247.17,247.23 1 0
mymodule/auth.go:250.13,251.112 2 0
mymodule/auth.go:251.112,253.14 1 0
mymodule/auth.go:254.13,254.19 1 0
mymodule/auth.go:258.9,262.20 3 0
mymodule/auth.go:262.20,265.122 2 0
mymodule/auth.go:265.122,267.14 1 0
mymodule/auth.go:268.13,268.19 1 0
mymodule/auth.go:272.9,272.49 1 0
mymodule/auth.go:272.49,275.116 2 0
mymodule/auth.go:275.116,277.14 1 0
mymodule/auth.go:278.13,278.19 1 0
mymodule/auth.go:281.9,281.29 1 0
mymodule/auth.go:285.45,288.16 3 0
mymodule/auth.go:288.16,290.3 1 0
mymodule/auth.go:291.2,291.50 1 0
mymodule/main.go:75.43,116.2 28 1
mymodule/main.go:118.13,124.16 4 0
mymodule/main.go:124.16,126.3 1 0
mymodule/main.go:129.2,137.16 7 0
mymodule/main.go:137.16,139.3 1 0
mymodule/main.go:140.2,156.58 6 0
mymodule/main.go:156.58,158.3 1 0
mymodule/main.go:162.46,163.48 1 1
mymodule/main.go:163.48,165.3 1 1
mymodule/main.go:166.2,166.21 1 1
mymodule/main.go:173.81,178.16 3 1
mymodule/main.go:178.16,180.3 1 1
mymodule/main.go:183.2,183.33 1 1
mymodule/main.go:183.33,185.3 1 1
mymodule/main.go:186.2,187.16 2 1
mymodule/main.go:191.62,194.2 2 1
mymodule/main.go:197.62,200.2 2 1
mymodule/main.go:203.91,206.2 2 1
mymodule/main.go:208.78,212.62 2 1
mymodule/main.go:212.62,219.89 4 1
mymodule/main.go:219.89,221.10 1 1
mymodule/main.go:222.9,222.15 1 1
mymodule/main.go:225.5,225.26 1 1
mymodule/main.go:230.100,235.2 2 1
mymodule/main.go:238.71,244.19 4 1
mymodule/main.go:244.19,247.6 1 1
mymodule/main.go:248.5,248.19 1 1
mymodule/main.go:252.52,257.21 3 1
mymodule/main.go:257.21,259.105 2 1
mymodule/main.go:259.105,261.10 1 1
mymodule/main.go:262.9,262.42 1 1
mymodule/main.go:265.5,265.38 1 1
mymodule/main.go:265.38,267.6 1 1
mymodule/main.go:269.5,269.24 1 1
mymodule/main.go:273.46,274.56 1 1
mymodule/main.go:274.56,276.6 1 1
mymodule/main.go:277.5,277.15 1 1
mymodule/main.go:281.40,283.47 1 1
mymodule/main.go:283.47,285.6 1 1
mymodule/main.go:286.5,286.15 1 1
mymodule/main.go:290.71,296.20 3 1
mymodule/main.go:296.20,300.6 2 1
mymodule/main.go:303.5,312.19 3 1
mymodule/main.go:312.19,316.6 2 1
mymodule/main.go:317.5,321.19 3 1
mymodule/main.go:321.19,325.6 2 1
mymodule/main.go:328.5,328.47 1 1
mymodule/main.go:332.58,337.21 3 1
mymodule/main.go:337.21,339.187 2 1
mymodule/main.go:339.187,341.10 1 1
mymodule/main.go:342.9,342.36 1 1
mymodule/main.go:345.5,345.38 1 1
mymodule/main.go:345.38,347.6 1 1
mymodule/main.go:349.5,349.22 1 1
mymodule/main.go:353.69,357.20 3 1
mymodule/main.go:357.20,360.6 2 1
mymodule/main.go:362.5,379.19 3 1
mymodule/main.go:379.19,382.6 2 1
mymodule/main.go:383.5,386.19 3 1
mymodule/main.go:386.19,389.6 2 1
mymodule/main.go:391.5,391.45 1 1
mymodule/main.go:396.68,405.19 4 1
mymodule/main.go:405.19,408.6 2 1
mymodule/main.go:409.5,412.19 3 1
mymodule/main.go:412.19,415.6 2 1
mymodule/main.go:417.5,417.47 1 1
mymodule/main.go:421.69,440.19 4 1
mymodule/main.go:440.19,443.6 2 1
mymodule/main.go:445.5,446.19 2 1
mymodule/main.go:446.19,449.6 2 1
mymodule/main.go:451.5,451.45 1 1
mymodule/main.go:455.76,466.19 4 1
mymodule/main.go:466.19,470.6 3 1
mymodule/main.go:471.5,474.19 3 1
mymodule/main.go:474.19,478.6 3 1
mymodule/main.go:480.5,480.55 1 1
mymodule/main.go:484.76,488.19 3 1
mymodule/main.go:488.19,491.6 2 1
mymodule/main.go:493.5,502.19 3 1
mymodule/main.go:502.19,505.6 2 1
mymodule/main.go:506.5,509.19 3 1
mymodule/main.go:509.19,512.6 2 1
mymodule/main.go:514.5,514.54 1 1
mymodule/main.go:518.63,521.21 2 1
mymodule/main.go:521.21,523.144 2 1
mymodule/main.go:523.144,525.10 1 0
mymodule/main.go:526.9,526.62 1 1
mymodule/main.go:529.5,529.38 1 1
mymodule/main.go:529.38,531.6 1 1
mymodule/main.go:533.5,533.32 1 1
mymodule/main.go:537.69,541.19 3 1
mymodule/main.go:541.19,544.6 2 1
mymodule/main.go:546.5,562.19 3 1
mymodule/main.go:562.19,565.6 2 1
mymodule/main.go:566.5,569.20 3 1
mymodule/main.go:569.20,570.187 1 1
mymodule/main.go:570.187,573.10 2 1
mymodule/main.go:574.11,577.6 2 1
mymodule/main.go:579.5,579.44 1 1
mymodule/main.go:584.80,586.16 2 1
mymodule/main.go:586.16,589.3 2 1
mymodule/main.go:591.2,599.16 3 1
mymodule/main.go:599.16,602.3 2 1
mymodule/main.go:603.2,606.53 3 1
mymodule/main.go:606.53,609.3 2 1
mymodule/main.go:611.2,611.27 1 1
mymodule/main.go:611.27,614.3 2 1
mymodule/main.go:616.2,616.48 1 1
mymodule/main.go:619.64,620.21 1 1
mymodule/main.go:620.21,622.105 2 1
mymodule/main.go:622.105,624.10 1 1
mymodule/main.go:625.9,625.56 1 1
mymodule/main.go:627.5,627.22 1 1
mymodule/main.go:631.75,635.16 3 1
mymodule/main.go:635.16,638.3 2 1
mymodule/main.go:639.2,642.53 3 1
mymodule/main.go:642.53,645.3 2 1
mymodule/main.go:647.2,647.48 1 1
mymodule/main.go:655.72,658.36 2 1
mymodule/main.go:658.36,661.6 2 1
mymodule/main.go:663.5,664.19 2 1
mymodule/main.go:664.19,667.6 2 1
mymodule/main.go:669.5,670.19 2 1
mymodule/main.go:670.19,673.6 2 1
mymodule/main.go:674.5,682.52 6 1
mymodule/main.go:682.52,685.6 2 1
mymodule/main.go:687.5,688.19 2 1
mymodule/main.go:688.19,691.6 2 1
mymodule/main.go:692.5,694.48 2 1
mymodule/main.go:694.48,697.6 2 1
mymodule/main.go:699.5,700.70 2 1
mymodule/main.go:700.70,703.6 2 1
mymodule/main.go:705.5,706.66 2 1
mymodule/main.go:712.67,715.36 2 1
mymodule/main.go:715.36,718.6 2 1
mymodule/main.go:720.5,721.67 2 1
mymodule/main.go:721.67,724.6 2 1
mymodule/main.go:725.5,727.54 2 1
mymodule/main.go:727.54,730.6 2 1
mymodule/main.go:732.5,734.19 3 1
mymodule/main.go:734.19,737.6 2 1
mymodule/main.go:739.5,740.30 2 1
mymodule/main.go:740.30,743.6 2 1
mymodule/main.go:745.5,749.59 4 1
mymodule/main.go:749.59,752.6 2 1
mymodule/main.go:759.70,762.36 2 1
mymodule/main.go:762.36,765.6 2 1
mymodule/main.go:767.5,768.19 2 1
mymodule/main.go:768.19,771.6 2 1
mymodule/main.go:773.5,774.19 2 1
mymodule/main.go:774.19,777.6 2 1
mymodule/main.go:778.5,783.54 4 1
mymodule/main.go:783.54,786.6 2 1
mymodule/main.go:788.5,789.19 2 1
mymodule/main.go:789.19,792.6 2 1
mymodule/main.go:793.5,795.48 2 1
mymodule/main.go:795.48,798.6 2 1
mymodule/main.go:800.5,801.68 2 1
mymodule/main.go:801.68,804.6 2 1
mymodule/main.go:806.5,807.66 2 1
mymodule/main.go:811.65,814.36 2 1
mymodule/main.go:814.36,817.6 2 1
mymodule/main.go:819.5,820.65 2 1
mymodule/main.go:820.65,823.6 2 1
mymodule/main.go:824.5,826.50 2 1
mymodule/main.go:826.50,829.6 2 1
mymodule/main.go:831.5,833.19 3 1
mymodule/main.go:833.19,836.6 2 1
mymodule/main.go:838.5,839.30 2 1
mymodule/main.go:839.30,842.6 2 1
mymodule/main.go:844.5,847.63 4 1
mymodule/main.go:847.63,850.6 2 1
mymodule/main.go:853.71,854.33 1 1
mymodule/main.go:854.33,857.3 2 1
mymodule/main.go:859.2,860.68 2 1
mymodule/main.go:860.68,863.3 2 1
mymodule/main.go:864.2,866.87 2 1
mymodule/main.go:866.87,869.3 2 1
mymodule/main.go:871.2,873.16 3 1
mymodule/main.go:873.16,877.3 3 1
mymodule/main.go:879.2,880.27 2 1
mymodule/main.go:880.27,884.3 3 1
mymodule/main.go:886.5,888.84 3 1
mymodule/main.go:888.84,892.6 3 1
mymodule/main.go:898.68,899.33 1 1
mymodule/main.go:899.33,902.3 2 1
mymodule/main.go:904.2,909.16 3 1
mymodule/main.go:909.16,912.3 2 1
mymodule/main.go:914.2,914.62 1 1
mymodule/main.go:914.62,917.3 2 1
mymodule/main.go:919.2,921.16 3 1
mymodule/main.go:921.16,925.3 3 1
mymodule/main.go:926.2,926.16 1 1
mymodule/main.go:926.16,929.3 2 1
mymodule/main.go:931.2,932.16 2 1
mymodule/main.go:932.16,936.3 3 1
mymodule/main.go:938.2,939.16 2 1
mymodule/main.go:939.16,943.3 3 1
mymodule/main.go:945.2,947.61 3 1
mymodule/main.go:951.76,952.33 1 1
mymodule/main.go:952.33,955.3 2 1
mymodule/main.go:957.2,962.16 3 1
mymodule/main.go:962.16,965.3 2 1
mymodule/main.go:967.2,967.62 1 1
mymodule/main.go:967.62,970.3 2 1
mymodule/main.go:972.2,974.16 3 1
mymodule/main.go:974.16,975.27 1 1
mymodule/main.go:975.27,977.4 1 1
mymodule/main.go:977.9,980.4 2 1
mymodule/main.go:981.3,981.9 1 1
mymodule/main.go:984.2,984.17 1 1
mymodule/main.go:984.17,987.3 2 1
mymodule/main.go:989.2,990.16 2 1
mymodule/main.go:990.16,994.3 3 1
mymodule/main.go:997.2,998.16 2 1
mymodule/main.go:998.16,1002.3 3 1
mymodule/main.go:1004.2,1006.61 3 1
mymodule/main.go:1010.70,1011.66 1 1
mymodule/main.go:1011.66,1014.6 2 1
mymodule/main.go:1016.5,1017.19 2 1
mymodule/main.go:1017.19,1020.6 2 1
mymodule/main.go:1022.5,1023.67 2 1
mymodule/main.go:1023.67,1026.6 2 1
mymodule/main.go:1027.5,1029.56 2 1
mymodule/main.go:1029.56,1032.6 2 1
mymodule/main.go:1034.5,1041.19 3 1
mymodule/main.go:1041.19,1044.6 2 1
mymodule/main.go:1046.5,1047.19 2 1
mymodule/main.go:1047.19,1050.6 2 1
mymodule/main.go:1051.5,1051.26 1 1
mymodule/main.go:1051.26,1054.6 2 1
mymodule/main.go:1056.5,1056.99 1 1
mymodule/main.go:1060.68,1061.66 1 1
mymodule/main.go:1061.66,1064.6 2 1
mymodule/main.go:1066.5,1067.19 2 1
mymodule/main.go:1067.19,1070.6 2 1
mymodule/main.go:1072.5,1073.65 2 1
mymodule/main.go:1073.65,1076.6 2 1
mymodule/main.go:1077.5,1079.50 2 1
mymodule/main.go:1079.50,1082.6 2 1
mymodule/main.go:1084.5,1091.19 3 1
mymodule/main.go:1091.19,1094.6 2 1
mymodule/main.go:1096.5,1097.19 2 1
mymodule/main.go:1097.19,1100.6 2 1
mymodule/main.go:1101.5,1101.26 1 1
mymodule/main.go:1101.26,1104.6 2 1
mymodule/main.go:1106.5,1106.97 1 1
mymodule/main.go:1111.74,1112.66 1 1
mymodule/main.go:1112.66,1115.6 2 1
mymodule/main.go:1117.5,1118.19 2 1
mymodule/main.go:1118.19,1121.6 2 1
mymodule/main.go:1123.5,1124.71 2 1
mymodule/main.go:1124.71,1127.6 2 1
mymodule/main.go:1128.5,1130.62 2 1
mymodule/main.go:1130.62,1133.6 2 1
mymodule/main.go:1135.5,1142.19 3 1
mymodule/main.go:1142.19,1145.6 2 1
mymodule/main.go:1147.5,1148.19 2 1
mymodule/main.go:1148.19,1151.6 2 1
mymodule/main.go:1152.5,1152.26 1 1
mymodule/main.go:1152.26,1155.6 2 1
mymodule/main.go:1157.5,1157.103 1 1
mymodule/main.go:1161.58,1162.90 1 1
mymodule/main.go:1162.90,1164.6 1 1
mymodule/main.go:1165.5,1165.15 1 1
mymodule/main.go:1169.70,1170.35 1 1
mymodule/main.go:1170.35,1173.3 2 1
mymodule/main.go:1175.2,1176.16 2 1
mymodule/main.go:1176.16,1179.3 2 1
mymodule/main.go:1181.2,1183.16 3 1
mymodule/main.go:1183.16,1186.3 2 1
mymodule/main.go:1188.2,1188.18 1 1
mymodule/main.go:1188.18,1191.3 2 1
mymodule/main.go:1193.2,1194.16 2 1
mymodule/main.go:1194.16,1197.3 2 1
mymodule/main.go:1199.2,1199.65 1 1
mymodule/main.go:1199.65,1202.3 2 1
mymodule/main.go:1204.2,1204.48 1 1
mymodule/main.go:1208.68,1209.35 1 1
mymodule/main.go:1209.35,1212.3 2 1
mymodule/main.go:1214.2,1215.16 2 1
mymodule/main.go:1215.16,1218.3 2 1
mymodule/main.go:1220.2,1222.16 3 1
mymodule/main.go:1222.16,1226.3 3 1
mymodule/main.go:1228.2,1230.16 3 1
mymodule/main.go:1230.16,1234.3 3 1
mymodule/main.go:1236.2,1237.16 2 1
mymodule/main.go:1237.16,1241.3 3 1
mymodule/main.go:1243.2,1244.23 2 1
mymodule/main.go:1244.23,1247.3 2 1
mymodule/main.go:1249.2,1249.24 1 1
mymodule/main.go:1249.24,1251.17 2 1
mymodule/main.go:1251.17,1255.4 3 1
mymodule/main.go:1258.2,1258.46 1 1
mymodule/main.go:1262.74,1263.35 1 1
mymodule/main.go:1263.35,1266.3 2 1
mymodule/main.go:1268.2,1269.16 2 1
mymodule/main.go:1269.16,1272.3 2 1
mymodule/main.go:1274.2,1275.16 2 1
mymodule/main.go:1275.16,1278.3 2 1
mymodule/main.go:1280.2,1281.23 2 1
mymodule/main.go:1281.23,1284.3 2 1
mymodule/main.go:1286.2,1286.52 1 1
